<?xml version="1.0" encoding="UTF-8"?>
<!-- Generated by org.testng.reporters.JUnitReportReporter -->
<testsuite hostname="Nana-PC" failures="0" tests="3" name="Functions.Test1" time="30.155" errors="0" timestamp="2021-01-01T12:17:35 IST" skipped="0">
  <testcase classname="Functions.Test1" name="loginTest" time="29.192"/>
  <system-out/>
  <testcase classname="Functions.Test1" name="dropDownTest" time="0.535"/>
  <system-out/>
  <testcase classname="Functions.Test1" name="search" time="0.428"/>
  <system-out/>
</testsuite> <!-- Functions.Test1 -->
